<?xml version="1.0" encoding="utf-8"?><testsuite errors="0" failures="0" name="pytest" skips="0" tests="13" time="0.330"><testcase classname="test_main" file="test_main.py" line="22" name="test_get_temperature_by_lat_lng" time="0.0016255378723144531"></testcase><testcase classname="test_main" file="test_main.py" line="31" name="test_raise_null_temperature" time="0.0017366409301757812"></testcase><testcase classname="test_main" file="test_main.py" line="39" name="test_celsius_convertion_valid[32-0]" time="0.0010488033294677734"></testcase><testcase classname="test_main" file="test_main.py" line="39" name="test_celsius_convertion_valid[85-29]" time="0.0010395050048828125"></testcase><testcase classname="test_main" file="test_main.py" line="39" name="test_celsius_convertion_valid[117-47]" time="0.0009851455688476562"></testcase><testcase classname="test_main" file="test_main.py" line="39" name="test_celsius_convertion_valid[65-18]" time="0.0010776519775390625"></testcase><testcase classname="test_main" file="test_main.py" line="46" name="test_celsius_convertion_invalid[a]" time="0.0018820762634277344"></testcase><testcase classname="test_main" file="test_main.py" line="46" name="test_celsius_convertion_invalid[b]" time="0.0017457008361816406"></testcase><testcase classname="test_main" file="test_main.py" line="46" name="test_celsius_convertion_invalid[True]" time="0.0016429424285888672"></testcase><testcase classname="test_main" file="test_main.py" line="46" name="test_celsius_convertion_invalid[False]" time="0.0010619163513183594"></testcase><testcase classname="test_main" file="test_main.py" line="46" name="test_celsius_convertion_invalid[temperature4]" time="0.0007352828979492188"></testcase><testcase classname="test_main" file="test_main.py" line="46" name="test_celsius_convertion_invalid[temperature5]" time="0.0006704330444335938"></testcase><testcase classname="test_main" file="test_main.py" line="46" name="test_celsius_convertion_invalid[temperature6]" time="0.0008533000946044922"></testcase></testsuite>